<?xml version="1.0" encoding="UTF-8"?>
<!-- Generated by org.testng.reporters.JUnitXMLReporter -->
<testsuite ignored="0" hostname="LP8018" failures="1" tests="2" name="Test" time="16.486" errors="0" timestamp="2022-04-19T00:53:16 IST">
  <testcase classname="TestNgProject.SangamAutomation.Sangam_LandingPageTest" name="LandingPageValidation" time="0.99"/>
  <testcase classname="TestNgProject.SangamAutomation.Sangam_LandingPageTest" name="profileValidation" time="9.793">
    <failure type="java.lang.AssertionError" message="expected [Yadav] but found [Vijay]">
      <![CDATA[java.lang.AssertionError: expected [Yadav] but found [Vijay]
at TestNgProject.SangamAutomation.Sangam_LandingPageTest.profileValidation(Sangam_LandingPageTest.java:85)
at java.base/java.util.ArrayList.forEach(ArrayList.java:1511)
... Removed 33 stack frames]]>
    </failure>
  </testcase> <!-- profileValidation -->
</testsuite> <!-- Test -->
